<?xml version="1.0" encoding="UTF-8"?>
<!-- Generated by org.testng.reporters.JUnitXMLReporter -->
<testsuite hostname="DESKTOP-I7J6NN2" name="Test" tests="4" failures="0" timestamp="27 Sep 2023 20:52:10 GMT" time="19.295" errors="0">
  <testcase name="verifyLable" time="0.322" classname="com.testcase.LoginTestCase"/>
  <testcase name="login" time="3.31" classname="com.testcase.LoginTestCase"/>
  <testcase name="addEmployee" time="13.796" classname="com.testcase.PIM_Dashboard_TestCase"/>
  <testcase name="checkLeaveList" time="1.834" classname="com.testcase.Leave_DashBoard_TestCase"/>
</testsuite> <!-- Test -->
