<?xml version="1.0" encoding="UTF-8"?>
<testng-results total="2" passed="2" failed="0" skipped="0">
  <reporter-output>
  </reporter-output>
  <suite started-at="2023-10-21T08:01:02Z" name="Default suite" finished-at="2023-10-21T08:01:27Z" duration-ms="24714">
    <groups>
    </groups>
    <test started-at="2023-10-21T08:01:02Z" name="Default test" finished-at="2023-10-21T08:01:27Z" duration-ms="24714">
      <class name="com.testcase.DataProviderTest">
        <test-method signature="myTest(java.lang.String, java.lang.String)[pri:0, instance:com.testcase.DataProviderTest@792b749c]" started-at="2023-10-21T13:31:02Z" name="myTest" data-provider="readdata" finished-at="2023-10-21T13:31:15Z" duration-ms="12619" status="PASS">
          <params>
            <param index="0">
              <value>
                <![CDATA[username]]>
              </value>
            </param>
            <param index="1">
              <value>
                <![CDATA[Admin]]>
              </value>
            </param>
          </params>
          <reporter-output>
          </reporter-output>
        </test-method> <!-- myTest -->
        <test-method signature="myTest(java.lang.String, java.lang.String)[pri:0, instance:com.testcase.DataProviderTest@792b749c]" started-at="2023-10-21T13:31:15Z" name="myTest" data-provider="readdata" finished-at="2023-10-21T13:31:27Z" duration-ms="12078" status="PASS">
          <params>
            <param index="0">
              <value>
                <![CDATA[password]]>
              </value>
            </param>
            <param index="1">
              <value>
                <![CDATA[admin123]]>
              </value>
            </param>
          </params>
          <reporter-output>
          </reporter-output>
        </test-method> <!-- myTest -->
      </class> <!-- com.testcase.DataProviderTest -->
    </test> <!-- Default test -->
  </suite> <!-- Default suite -->
</testng-results>
